[INFO  - 2017-07-19T19:10:04.945Z] GhostDriver - Main - running on port 9095
[INFO  - 2017-07-19T19:10:05.482Z] Session [dfa03b70-6cb5-11e7-8bed-0522028ec6c1] - page.settings - {"XSSAuditingEnabled":false,"javascriptCanCloseWindows":true,"javascriptCanOpenWindows":true,"javascriptEnabled":true,"loadImages":true,"localToRemoteUrlAccessEnabled":false,"userAgent":"Mozilla/5.0 (Unknown; Linux x86_64) AppleWebKit/538.1 (KHTML, like Gecko) PhantomJS/2.1.1 Safari/538.1","webSecurityEnabled":true}
[INFO  - 2017-07-19T19:10:05.483Z] Session [dfa03b70-6cb5-11e7-8bed-0522028ec6c1] - page.customHeaders:  - {}
[INFO  - 2017-07-19T19:10:05.483Z] Session [dfa03b70-6cb5-11e7-8bed-0522028ec6c1] - Session.negotiatedCapabilities - {"browserName":"phantomjs","version":"2.1.1","driverName":"ghostdriver","driverVersion":"1.2.0","platform":"linux-unknown-64bit","javascriptEnabled":true,"takesScreenshot":true,"handlesAlerts":false,"databaseEnabled":false,"locationContextEnabled":false,"applicationCacheEnabled":false,"browserConnectionEnabled":false,"cssSelectorsEnabled":true,"webStorageEnabled":false,"rotatable":false,"acceptSslCerts":false,"nativeEvents":true,"proxy":{"proxyType":"direct"}}
[INFO  - 2017-07-19T19:10:05.483Z] SessionManagerReqHand - _postNewSessionCommand - New Session Created: dfa03b70-6cb5-11e7-8bed-0522028ec6c1
[INFO  - 2017-07-19T19:10:37.812Z] GhostDriver - Main - running on port 3655
[INFO  - 2017-07-19T19:10:38.012Z] Session [f303ea90-6cb5-11e7-bafb-5d7e0fcd192c] - page.settings - {"XSSAuditingEnabled":false,"javascriptCanCloseWindows":true,"javascriptCanOpenWindows":true,"javascriptEnabled":true,"loadImages":true,"localToRemoteUrlAccessEnabled":false,"userAgent":"Mozilla/5.0 (Unknown; Linux x86_64) AppleWebKit/538.1 (KHTML, like Gecko) PhantomJS/2.1.1 Safari/538.1","webSecurityEnabled":true}
[INFO  - 2017-07-19T19:10:38.012Z] Session [f303ea90-6cb5-11e7-bafb-5d7e0fcd192c] - page.customHeaders:  - {}
[INFO  - 2017-07-19T19:10:38.012Z] Session [f303ea90-6cb5-11e7-bafb-5d7e0fcd192c] - Session.negotiatedCapabilities - {"browserName":"phantomjs","version":"2.1.1","driverName":"ghostdriver","driverVersion":"1.2.0","platform":"linux-unknown-64bit","javascriptEnabled":true,"takesScreenshot":true,"handlesAlerts":false,"databaseEnabled":false,"locationContextEnabled":false,"applicationCacheEnabled":false,"browserConnectionEnabled":false,"cssSelectorsEnabled":true,"webStorageEnabled":false,"rotatable":false,"acceptSslCerts":false,"nativeEvents":true,"proxy":{"proxyType":"direct"}}
[INFO  - 2017-07-19T19:10:38.013Z] SessionManagerReqHand - _postNewSessionCommand - New Session Created: f303ea90-6cb5-11e7-bafb-5d7e0fcd192c
[ERROR - 2017-07-19T19:12:44.886Z] Session [dfa03b70-6cb5-11e7-8bed-0522028ec6c1] - page.onError - msg: undefined
[ERROR - 2017-07-19T19:12:44.887Z] Session [dfa03b70-6cb5-11e7-8bed-0522028ec6c1] - page.onError - stack:
  (anonymous function) (https://tpc.googlesyndication.com/pagead/js/r20170712/r20110914/abg.js:1)
[INFO  - 2017-07-19T19:15:04.944Z] SessionManagerReqHand - _cleanupWindowlessSessions - Asynchronous Sessions clean-up phase starting NOW
[INFO  - 2017-07-19T19:15:37.811Z] SessionManagerReqHand - _cleanupWindowlessSessions - Asynchronous Sessions clean-up phase starting NOW
[INFO  - 2017-07-19T19:20:04.944Z] SessionManagerReqHand - _cleanupWindowlessSessions - Asynchronous Sessions clean-up phase starting NOW
[INFO  - 2017-07-19T19:20:37.811Z] SessionManagerReqHand - _cleanupWindowlessSessions - Asynchronous Sessions clean-up phase starting NOW
[INFO  - 2017-07-19T19:25:04.944Z] SessionManagerReqHand - _cleanupWindowlessSessions - Asynchronous Sessions clean-up phase starting NOW
[INFO  - 2017-07-19T19:25:37.811Z] SessionManagerReqHand - _cleanupWindowlessSessions - Asynchronous Sessions clean-up phase starting NOW
[INFO  - 2017-07-19T19:30:04.944Z] SessionManagerReqHand - _cleanupWindowlessSessions - Asynchronous Sessions clean-up phase starting NOW
[INFO  - 2017-07-19T19:30:37.811Z] SessionManagerReqHand - _cleanupWindowlessSessions - Asynchronous Sessions clean-up phase starting NOW
[INFO  - 2017-07-19T19:35:04.944Z] SessionManagerReqHand - _cleanupWindowlessSessions - Asynchronous Sessions clean-up phase starting NOW
[INFO  - 2017-07-19T19:35:37.811Z] SessionManagerReqHand - _cleanupWindowlessSessions - Asynchronous Sessions clean-up phase starting NOW
